[debug] > Exec(early(addDefaultCommands), None, None)
[debug] > Exec(addDefaultCommands, None, None)
[debug] > Exec(early(initialize), None, None)
[debug] > Exec(initialize, None, None)
[debug] > Exec(boot, None, None)
[debug] > Exec(writeSbtVersion, None, None)
[debug] > Exec(reload, None, None)
[debug] > Exec(sbtStashOnFailure, None, None)
[debug] > Exec(onFailure loadFailed, None, None)
[debug] > Exec(loadp, None, None)
[info] welcome to sbt 1.9.8 (Oracle Corporation Java 11.0.22)
[debug] Load.defaultLoad until apply took 351.1855ms
[debug]           Load.loadUnit: plugins took 384.9257ms
[debug]           Load.loadUnit: defsScala took 0.8603ms
[debug] [Loading] Scanning directory C:\Users\JANFAN\Documents\GitHub\CSYE7200-HW7\moviedata\project
[debug] [Loading] Found non-root projects 
[debug] [Loading] Done in C:\Users\JANFAN\Documents\GitHub\CSYE7200-HW7\moviedata\project, returning: ()
[debug] deducing auto plugins based on known facts Set(Atom(sbt.plugins.CorePlugin)) and clauses Clauses(Clause(Atom(sbt.plugins.JvmPlugin),Set(Atom(sbt.plugins.IvyPlugin)))
[debug] Clause(Atom(sbt.ScriptedPlugin),Set(Atom(sbt.plugins.JvmPlugin)))
[debug] Clause(Atom(sbt.plugins.SbtPlugin),Set(Atom(sbt.ScriptedPlugin)))
[debug] Clause(Atom(sbt.plugins.SemanticdbPlugin),Set(Atom(sbt.plugins.JvmPlugin)))
[debug] Clause(Atom(sbt.plugins.JUnitXmlReportPlugin),Set(Atom(sbt.plugins.JvmPlugin)))
[debug] Clause(Atom(sbt.plugins.MiniDependencyTreePlugin),Set(Atom(sbt.plugins.JvmPlugin)))
[debug] Clause(Atom(sbt.plugins.CorePlugin),Set(Atom(sbt.plugins.IvyPlugin)))
[debug] Clause(Atom(sbt.plugins.IvyPlugin),Set(Atom(sbt.plugins.JvmPlugin)))
[debug] Clause(Atom(sbt.plugins.JvmPlugin),Set(Atom(sbt.plugins.SemanticdbPlugin)))
[debug] Clause(Atom(sbt.plugins.JvmPlugin),Set(Atom(sbt.plugins.JUnitXmlReportPlugin)))
[debug] Clause(Atom(sbt.plugins.CorePlugin),Set(Atom(sbt.plugins.Giter8TemplatePlugin)))
[debug] Clause(Atom(sbt.plugins.JvmPlugin),Set(Atom(sbt.plugins.MiniDependencyTreePlugin))))
[debug]   :: deduced result: Matched(sbt.plugins.CorePlugin,sbt.plugins.Giter8TemplatePlugin,sbt.plugins.IvyPlugin,sbt.plugins.JvmPlugin,sbt.plugins.MiniDependencyTreePlugin,sbt.plugins.JUnitXmlReportPlugin,sbt.plugins.SemanticdbPlugin)
[debug] Plugins.deducer#function took 41.2967 ms
[debug]               Load.resolveProject(moviedata-build) took 240.1843ms
[debug]             Load.loadTransitive: finalizeProject(Project(id moviedata-build, base: C:\Users\JANFAN\Documents\GitHub\CSYE7200-HW7\moviedata\project, plugins: List(<none>))) took 351.3346ms
[debug] [Loading] Done in C:\Users\JANFAN\Documents\GitHub\CSYE7200-HW7\moviedata\project, returning: (moviedata-build)
[debug]           Load.loadUnit: loadedProjectsRaw took 412.9474ms
[debug]           Load.loadUnit: cleanEvalClasses took 2.0596ms
[debug]         Load.loadUnit(file:/C:/Users/JANFAN/Documents/GitHub/CSYE7200-HW7/moviedata/project/, ...) took 823.6164ms
[debug]       Load.apply: load took 1349.2289ms
[debug]       Load.apply: resolveProjects took 13.6334ms
[debug]       Load.apply: finalTransforms took 137.4248ms
[debug]       Load.apply: config.delegates took 20.0608ms
[debug]       Load.apply: Def.make(settings)... took 1190.3721ms
[debug]       Load.apply: structureIndex took 212.8022ms
[debug]       Load.apply: mkStreams took 4.0912ms
[info] loading project definition from C:\Users\JANFAN\Documents\GitHub\CSYE7200-HW7\moviedata\project
[debug] Running task... Cancel: Signal, check cycles: false, forcegc: true
[debug]     Load.loadUnit: plugins took 5493.1016ms
[debug]     Load.loadUnit: defsScala took 0.0066ms
[debug] [Loading] Scanning directory C:\Users\JANFAN\Documents\GitHub\CSYE7200-HW7\moviedata
[debug]       Load.loadUnit: mkEval took 17.0776ms
